Assembler report for risc-v-32
Wed Oct 06 20:10:52 2021
Quartus Prime Version 20.1.1 Build 720 11/11/2020 SJ Lite Edition


---------------------
; Table of Contents ;
---------------------
  1. Legal Notice
  2. Assembler Summary
  3. Assembler Settings
  4. Assembler Generated Files
  5. Assembler Device Options: C:/Users/david/Desktop/Logic Design Projects/risc-v-32/synthesis/output_files/risc-v-32.sof
  6. Assembler Messages



----------------
; Legal Notice ;
----------------
Copyright (C) 2020  Intel Corporation. All rights reserved.
Your use of Intel Corporation's design tools, logic functions 
and other software and tools, and any partner logic 
functions, and any output files from any of the foregoing 
(including device programming or simulation files), and any 
associated documentation or information are expressly subject 
to the terms and conditions of the Intel Program License 
Subscription Agreement, the Intel Quartus Prime License Agreement,
the Intel FPGA IP License Agreement, or other applicable license
agreement, including, without limitation, that your use is for
the sole purpose of programming logic devices manufactured by
Intel and sold by Intel or its authorized distributors.  Please
refer to the applicable agreement for further details, at
https://fpgasoftware.intel.com/eula.



+---------------------------------------------------------------+
; Assembler Summary                                             ;
+-----------------------+---------------------------------------+
; Assembler Status      ; Successful - Wed Oct 06 20:10:52 2021 ;
; Revision Name         ; risc-v-32                             ;
; Top-level Entity Name ; main                                  ;
; Family                ; Cyclone IV E                          ;
; Device                ; EP4CE115F29C7                         ;
+-----------------------+---------------------------------------+


+----------------------------------+
; Assembler Settings               ;
+--------+---------+---------------+
; Option ; Setting ; Default Value ;
+--------+---------+---------------+


+---------------------------------------------------------------------------------------------+
; Assembler Generated Files                                                                   ;
+---------------------------------------------------------------------------------------------+
; File Name                                                                                   ;
+---------------------------------------------------------------------------------------------+
; C:/Users/david/Desktop/Logic Design Projects/risc-v-32/synthesis/output_files/risc-v-32.sof ;
+---------------------------------------------------------------------------------------------+


+-----------------------------------------------------------------------------------------------------------------------+
; Assembler Device Options: C:/Users/david/Desktop/Logic Design Projects/risc-v-32/synthesis/output_files/risc-v-32.sof ;
+----------------+------------------------------------------------------------------------------------------------------+
; Option         ; Setting                                                                                              ;
+----------------+------------------------------------------------------------------------------------------------------+
; JTAG usercode  ; 0x005628AD                                                                                           ;
; Checksum       ; 0x005628AD                                                                                           ;
+----------------+------------------------------------------------------------------------------------------------------+


+--------------------+
; Assembler Messages ;
+--------------------+
Info: *******************************************************************
Info: Running Quartus Prime Assembler
    Info: Version 20.1.1 Build 720 11/11/2020 SJ Lite Edition
    Info: Processing started: Wed Oct 06 20:10:47 2021
Info: Command: quartus_asm --read_settings_files=off --write_settings_files=off risc-v-32 -c risc-v-32
Info (115031): Writing out detailed assembly data for power analysis
Info (115030): Assembler is generating device programming files
Info: Quartus Prime Assembler was successful. 0 errors, 0 warnings
    Info: Peak virtual memory: 4691 megabytes
    Info: Processing ended: Wed Oct 06 20:10:52 2021
    Info: Elapsed time: 00:00:05
    Info: Total CPU time (on all processors): 00:00:05


