Analysis & Synthesis report for risc-v-32
Fri Oct 15 15:14:12 2021
Quartus Prime Version 20.1.1 Build 720 11/11/2020 SJ Lite Edition


---------------------
; Table of Contents ;
---------------------
  1. Legal Notice
  2. Analysis & Synthesis Summary
  3. Analysis & Synthesis Settings
  4. Parallel Compilation
  5. Analysis & Synthesis Messages



----------------
; Legal Notice ;
----------------
Copyright (C) 2020  Intel Corporation. All rights reserved.
Your use of Intel Corporation's design tools, logic functions 
and other software and tools, and any partner logic 
functions, and any output files from any of the foregoing 
(including device programming or simulation files), and any 
associated documentation or information are expressly subject 
to the terms and conditions of the Intel Program License 
Subscription Agreement, the Intel Quartus Prime License Agreement,
the Intel FPGA IP License Agreement, or other applicable license
agreement, including, without limitation, that your use is for
the sole purpose of programming logic devices manufactured by
Intel and sold by Intel or its authorized distributors.  Please
refer to the applicable agreement for further details, at
https://fpgasoftware.intel.com/eula.



+----------------------------------------------------------------------------------+
; Analysis & Synthesis Summary                                                     ;
+------------------------------------+---------------------------------------------+
; Analysis & Synthesis Status        ; Failed - Fri Oct 15 15:14:12 2021           ;
; Quartus Prime Version              ; 20.1.1 Build 720 11/11/2020 SJ Lite Edition ;
; Revision Name                      ; risc-v-32                                   ;
; Top-level Entity Name              ; cache                                       ;
; Family                             ; Cyclone IV E                                ;
; Total logic elements               ; N/A until Partition Merge                   ;
;     Total combinational functions  ; N/A until Partition Merge                   ;
;     Dedicated logic registers      ; N/A until Partition Merge                   ;
; Total registers                    ; N/A until Partition Merge                   ;
; Total pins                         ; N/A until Partition Merge                   ;
; Total virtual pins                 ; N/A until Partition Merge                   ;
; Total memory bits                  ; N/A until Partition Merge                   ;
; Embedded Multiplier 9-bit elements ; N/A until Partition Merge                   ;
; Total PLLs                         ; N/A until Partition Merge                   ;
+------------------------------------+---------------------------------------------+


+------------------------------------------------------------------------------------------------------------+
; Analysis & Synthesis Settings                                                                              ;
+------------------------------------------------------------------+--------------------+--------------------+
; Option                                                           ; Setting            ; Default Value      ;
+------------------------------------------------------------------+--------------------+--------------------+
; Device                                                           ; EP4CE115F29C7      ;                    ;
; Top-level entity name                                            ; cache              ; risc-v-32          ;
; Family name                                                      ; Cyclone IV E       ; Cyclone V          ;
; Use smart compilation                                            ; Off                ; Off                ;
; Enable parallel Assembler and Timing Analyzer during compilation ; On                 ; On                 ;
; Enable compact report table                                      ; Off                ; Off                ;
; Restructure Multiplexers                                         ; Auto               ; Auto               ;
; Create Debugging Nodes for IP Cores                              ; Off                ; Off                ;
; Preserve fewer node names                                        ; On                 ; On                 ;
; Intel FPGA IP Evaluation Mode                                    ; Enable             ; Enable             ;
; Verilog Version                                                  ; Verilog_2001       ; Verilog_2001       ;
; VHDL Version                                                     ; VHDL_1993          ; VHDL_1993          ;
; State Machine Processing                                         ; Auto               ; Auto               ;
; Safe State Machine                                               ; Off                ; Off                ;
; Extract Verilog State Machines                                   ; On                 ; On                 ;
; Extract VHDL State Machines                                      ; On                 ; On                 ;
; Ignore Verilog initial constructs                                ; Off                ; Off                ;
; Iteration limit for constant Verilog loops                       ; 5000               ; 5000               ;
; Iteration limit for non-constant Verilog loops                   ; 250                ; 250                ;
; Add Pass-Through Logic to Inferred RAMs                          ; On                 ; On                 ;
; Infer RAMs from Raw Logic                                        ; On                 ; On                 ;
; Parallel Synthesis                                               ; On                 ; On                 ;
; DSP Block Balancing                                              ; Auto               ; Auto               ;
; NOT Gate Push-Back                                               ; On                 ; On                 ;
; Power-Up Don't Care                                              ; On                 ; On                 ;
; Remove Redundant Logic Cells                                     ; Off                ; Off                ;
; Remove Duplicate Registers                                       ; On                 ; On                 ;
; Ignore CARRY Buffers                                             ; Off                ; Off                ;
; Ignore CASCADE Buffers                                           ; Off                ; Off                ;
; Ignore GLOBAL Buffers                                            ; Off                ; Off                ;
; Ignore ROW GLOBAL Buffers                                        ; Off                ; Off                ;
; Ignore LCELL Buffers                                             ; Off                ; Off                ;
; Ignore SOFT Buffers                                              ; On                 ; On                 ;
; Limit AHDL Integers to 32 Bits                                   ; Off                ; Off                ;
; Optimization Technique                                           ; Balanced           ; Balanced           ;
; Carry Chain Length                                               ; 70                 ; 70                 ;
; Auto Carry Chains                                                ; On                 ; On                 ;
; Auto Open-Drain Pins                                             ; On                 ; On                 ;
; Perform WYSIWYG Primitive Resynthesis                            ; Off                ; Off                ;
; Auto ROM Replacement                                             ; On                 ; On                 ;
; Auto RAM Replacement                                             ; On                 ; On                 ;
; Auto DSP Block Replacement                                       ; On                 ; On                 ;
; Auto Shift Register Replacement                                  ; Auto               ; Auto               ;
; Allow Shift Register Merging across Hierarchies                  ; Auto               ; Auto               ;
; Auto Clock Enable Replacement                                    ; On                 ; On                 ;
; Strict RAM Replacement                                           ; Off                ; Off                ;
; Allow Synchronous Control Signals                                ; On                 ; On                 ;
; Force Use of Synchronous Clear Signals                           ; Off                ; Off                ;
; Auto RAM Block Balancing                                         ; On                 ; On                 ;
; Auto RAM to Logic Cell Conversion                                ; Off                ; Off                ;
; Auto Resource Sharing                                            ; Off                ; Off                ;
; Allow Any RAM Size For Recognition                               ; Off                ; Off                ;
; Allow Any ROM Size For Recognition                               ; Off                ; Off                ;
; Allow Any Shift Register Size For Recognition                    ; Off                ; Off                ;
; Use LogicLock Constraints during Resource Balancing              ; On                 ; On                 ;
; Ignore translate_off and synthesis_off directives                ; Off                ; Off                ;
; Timing-Driven Synthesis                                          ; On                 ; On                 ;
; Report Parameter Settings                                        ; On                 ; On                 ;
; Report Source Assignments                                        ; On                 ; On                 ;
; Report Connectivity Checks                                       ; On                 ; On                 ;
; Ignore Maximum Fan-Out Assignments                               ; Off                ; Off                ;
; Synchronization Register Chain Length                            ; 2                  ; 2                  ;
; Power Optimization During Synthesis                              ; Normal compilation ; Normal compilation ;
; HDL message level                                                ; Level2             ; Level2             ;
; Suppress Register Optimization Related Messages                  ; Off                ; Off                ;
; Number of Removed Registers Reported in Synthesis Report         ; 5000               ; 5000               ;
; Number of Swept Nodes Reported in Synthesis Report               ; 5000               ; 5000               ;
; Number of Inverted Registers Reported in Synthesis Report        ; 100                ; 100                ;
; Clock MUX Protection                                             ; On                 ; On                 ;
; Auto Gated Clock Conversion                                      ; Off                ; Off                ;
; Block Design Naming                                              ; Auto               ; Auto               ;
; SDC constraint protection                                        ; Off                ; Off                ;
; Synthesis Effort                                                 ; Auto               ; Auto               ;
; Shift Register Replacement - Allow Asynchronous Clear Signal     ; On                 ; On                 ;
; Pre-Mapping Resynthesis Optimization                             ; Off                ; Off                ;
; Analysis & Synthesis Message Level                               ; Medium             ; Medium             ;
; Disable Register Merging Across Hierarchies                      ; Auto               ; Auto               ;
; Resource Aware Inference For Block RAM                           ; On                 ; On                 ;
+------------------------------------------------------------------+--------------------+--------------------+


+------------------------------------------+
; Parallel Compilation                     ;
+----------------------------+-------------+
; Processors                 ; Number      ;
+----------------------------+-------------+
; Number detected on machine ; 12          ;
; Maximum allowed            ; 6           ;
;                            ;             ;
; Average used               ; 1.00        ;
; Maximum used               ; 1           ;
;                            ;             ;
; Usage by Processor         ; % Time Used ;
;     Processor 1            ; 100.0%      ;
+----------------------------+-------------+


+-------------------------------+
; Analysis & Synthesis Messages ;
+-------------------------------+
Info: *******************************************************************
Info: Running Quartus Prime Analysis & Synthesis
    Info: Version 20.1.1 Build 720 11/11/2020 SJ Lite Edition
    Info: Processing started: Fri Oct 15 15:14:00 2021
Info: Command: quartus_map --read_settings_files=on --write_settings_files=off risc-v-32 -c risc-v-32
Warning (18236): Number of processors has not been specified which may cause overloading on shared machines.  Set the global assignment NUM_PARALLEL_PROCESSORS in your QSF to an appropriate value for best performance.
Info (20030): Parallel compilation is enabled and will use 6 of the 6 processors detected
Info (12021): Found 2 design units, including 2 entities, in source file /users/david/desktop/logic design projects/risc-v-32/hdl/cache.sv
    Info (12023): Found entity 1: dm_cache_tag File: C:/Users/david/Desktop/Logic Design Projects/risc-v-32/hdl/cache.sv Line: 49
    Info (12023): Found entity 2: dm_cache_fsm File: C:/Users/david/Desktop/Logic Design Projects/risc-v-32/hdl/cache.sv Line: 69
Info (12021): Found 1 design units, including 1 entities, in source file /users/david/desktop/logic design projects/risc-v-32/hdl/ex_stage/alu.v
    Info (12023): Found entity 1: alu File: C:/Users/david/Desktop/Logic Design Projects/risc-v-32/hdl/ex_stage/alu.v Line: 1
Info (12021): Found 1 design units, including 1 entities, in source file /users/david/desktop/logic design projects/risc-v-32/hdl/id_stage/register_file.v
    Info (12023): Found entity 1: register_file File: C:/Users/david/Desktop/Logic Design Projects/risc-v-32/hdl/id_stage/register_file.v Line: 1
Info (12021): Found 1 design units, including 1 entities, in source file /users/david/desktop/logic design projects/risc-v-32/hdl/register.v
    Info (12023): Found entity 1: register File: C:/Users/david/Desktop/Logic Design Projects/risc-v-32/hdl/register.v Line: 1
Info (12021): Found 1 design units, including 1 entities, in source file /users/david/desktop/logic design projects/risc-v-32/hdl/mux2_1.v
    Info (12023): Found entity 1: mux2_1 File: C:/Users/david/Desktop/Logic Design Projects/risc-v-32/hdl/mux2_1.v Line: 1
Info (12021): Found 1 design units, including 1 entities, in source file /users/david/desktop/logic design projects/risc-v-32/hdl/mux4_1.v
    Info (12023): Found entity 1: mux4_1 File: C:/Users/david/Desktop/Logic Design Projects/risc-v-32/hdl/mux4_1.v Line: 1
Info (12021): Found 1 design units, including 1 entities, in source file /users/david/desktop/logic design projects/risc-v-32/hdl/id_stage/immgen.v
    Info (12023): Found entity 1: ImmGen File: C:/Users/david/Desktop/Logic Design Projects/risc-v-32/hdl/id_stage/ImmGen.v Line: 1
Info (12021): Found 1 design units, including 1 entities, in source file /users/david/desktop/logic design projects/risc-v-32/hdl/id_stage/comparison_unit.v
    Info (12023): Found entity 1: comparison_unit File: C:/Users/david/Desktop/Logic Design Projects/risc-v-32/hdl/id_stage/comparison_unit.v Line: 1
Info (12021): Found 1 design units, including 1 entities, in source file /users/david/desktop/logic design projects/risc-v-32/hdl/mem_stage/data_mem.v
    Info (12023): Found entity 1: data_mem File: C:/Users/david/Desktop/Logic Design Projects/risc-v-32/hdl/mem_stage/data_mem.v Line: 1
Info (12021): Found 1 design units, including 1 entities, in source file /users/david/desktop/logic design projects/risc-v-32/hdl/if_stage/text_mem.v
    Info (12023): Found entity 1: text_mem File: C:/Users/david/Desktop/Logic Design Projects/risc-v-32/hdl/if_stage/text_mem.v Line: 1
Info (12021): Found 1 design units, including 1 entities, in source file /users/david/desktop/logic design projects/risc-v-32/hdl/flush_unit.v
    Info (12023): Found entity 1: flush_unit File: C:/Users/david/Desktop/Logic Design Projects/risc-v-32/hdl/flush_unit.v Line: 1
Info (12021): Found 1 design units, including 1 entities, in source file /users/david/desktop/logic design projects/risc-v-32/hdl/forwarding_unit.v
    Info (12023): Found entity 1: forwarding_unit File: C:/Users/david/Desktop/Logic Design Projects/risc-v-32/hdl/forwarding_unit.v Line: 1
Info (12021): Found 1 design units, including 1 entities, in source file /users/david/desktop/logic design projects/risc-v-32/hdl/stalling_unit.v
    Info (12023): Found entity 1: stalling_unit File: C:/Users/david/Desktop/Logic Design Projects/risc-v-32/hdl/stalling_unit.v Line: 1
Info (12021): Found 1 design units, including 1 entities, in source file /users/david/desktop/logic design projects/risc-v-32/hdl/adder.v
    Info (12023): Found entity 1: adder File: C:/Users/david/Desktop/Logic Design Projects/risc-v-32/hdl/adder.v Line: 1
Info (12021): Found 1 design units, including 1 entities, in source file /users/david/desktop/logic design projects/risc-v-32/hdl/id_stage/control.v
    Info (12023): Found entity 1: control File: C:/Users/david/Desktop/Logic Design Projects/risc-v-32/hdl/id_stage/control.v Line: 1
Info (12021): Found 1 design units, including 1 entities, in source file /users/david/desktop/logic design projects/risc-v-32/hdl/main.v
    Info (12023): Found entity 1: main File: C:/Users/david/Desktop/Logic Design Projects/risc-v-32/hdl/main.v Line: 1
Info (12021): Found 1 design units, including 1 entities, in source file /users/david/desktop/logic design projects/risc-v-32/hdl/branch_prediction_unit.v
    Info (12023): Found entity 1: branch_prediction_unit File: C:/Users/david/Desktop/Logic Design Projects/risc-v-32/hdl/branch_prediction_unit.v Line: 1
Info (12021): Found 1 design units, including 1 entities, in source file /users/david/desktop/logic design projects/risc-v-32/hdl/if_stage/pc_selector.v
    Info (12023): Found entity 1: pc_selector File: C:/Users/david/Desktop/Logic Design Projects/risc-v-32/hdl/if_stage/pc_selector.v Line: 1
Error (10932): SystemVerilog error at cache.sv(213): can't resolve implicit port connection(s) to instance "cdata" without a module declaration or an extern equivalent File: C:/Users/david/Desktop/Logic Design Projects/risc-v-32/hdl/cache.sv Line: 213
Error: Quartus Prime Analysis & Synthesis was unsuccessful. 1 error, 1 warning
    Error: Peak virtual memory: 4701 megabytes
    Error: Processing ended: Fri Oct 15 15:14:12 2021
    Error: Elapsed time: 00:00:12
    Error: Total CPU time (on all processors): 00:00:30


